TN:
SF:src/theme.ts
FN:5,(anonymous_0)
FNF:1
FNH:1
FNDA:16,(anonymous_0)
DA:5,2
DA:6,16
DA:146,16
DA:148,16
LF:4
LH:4
BRDA:10,0,0,12
BRDA:10,0,1,4
BRDA:11,1,0,12
BRDA:11,1,1,4
BRDA:12,2,0,12
BRDA:12,2,1,4
BRDA:16,3,0,12
BRDA:16,3,1,4
BRDA:17,4,0,12
BRDA:17,4,1,4
BRDA:18,5,0,12
BRDA:18,5,1,4
BRDA:22,6,0,12
BRDA:22,6,1,4
BRDA:23,7,0,12
BRDA:23,7,1,4
BRDA:26,8,0,12
BRDA:26,8,1,4
BRDA:27,9,0,12
BRDA:27,9,1,4
BRDA:97,10,0,12
BRDA:97,10,1,4
BRDA:107,11,0,12
BRDA:107,11,1,4
BRDA:116,12,0,12
BRDA:116,12,1,4
BRDA:117,13,0,12
BRDA:117,13,1,4
BRDA:127,14,0,12
BRDA:127,14,1,4
BRDA:129,15,0,12
BRDA:129,15,1,4
BRF:32
BRH:32
end_of_record
TN:
SF:src/components/dashboard/DashboardCard.tsx
FN:13,(anonymous_0)
FNF:1
FNH:1
FNDA:28,(anonymous_0)
DA:13,1
DA:21,28
LF:2
LH:2
BRDA:17,0,0,24
BRF:1
BRH:1
end_of_record
TN:
SF:src/components/dashboard/RecentActivityList.tsx
FN:42,(anonymous_0)
FN:76,(anonymous_1)
FNF:2
FNH:1
FNDA:28,(anonymous_0)
FNDA:0,(anonymous_1)
DA:42,1
DA:51,28
DA:77,0
LF:3
LH:2
BRDA:58,0,0,0
BRDA:58,0,1,0
BRDA:58,0,2,0
BRDA:62,1,0,0
BRDA:62,1,1,0
BRDA:70,2,0,0
BRDA:70,2,1,0
BRDA:74,3,0,0
BRDA:74,3,1,0
BRDA:82,4,0,0
BRDA:82,4,1,0
BRDA:89,5,0,0
BRDA:89,5,1,0
BRDA:100,6,0,0
BRDA:100,6,1,0
BRDA:103,7,0,0
BRDA:103,7,1,0
BRDA:109,8,0,0
BRDA:109,8,1,0
BRF:19
BRH:0
end_of_record
TN:
SF:src/contexts/ThemeContext.tsx
FN:15,(anonymous_0)
FN:17,(anonymous_1)
FN:23,(anonymous_2)
FN:28,(anonymous_3)
FN:29,(anonymous_4)
FN:42,(anonymous_5)
FNF:6
FNH:3
FNDA:16,(anonymous_0)
FNDA:16,(anonymous_1)
FNDA:0,(anonymous_2)
FNDA:0,(anonymous_3)
FNDA:0,(anonymous_4)
FNDA:1,(anonymous_5)
DA:13,2
DA:15,2
DA:17,16
DA:18,16
DA:19,16
DA:23,16
DA:24,0
DA:28,16
DA:29,0
DA:33,16
DA:35,16
DA:42,2
DA:43,1
DA:44,1
DA:45,1
DA:47,0
LF:16
LH:13
BRDA:19,0,0,16
BRDA:19,0,1,12
BRDA:29,1,0,0
BRDA:29,1,1,0
BRDA:44,2,0,1
BRDA:44,2,1,0
BRF:6
BRH:3
end_of_record
TN:
SF:src/layouts/AuthLayout.tsx
FN:8,(anonymous_0)
FNF:1
FNH:0
FNDA:0,(anonymous_0)
DA:8,1
DA:9,0
DA:10,0
DA:12,0
LF:4
LH:1
BRDA:29,0,0,0
BRDA:29,0,1,0
BRF:2
BRH:0
end_of_record
TN:
SF:src/pages/NotFoundPage.tsx
FN:6,(anonymous_0)
FN:31,(anonymous_1)
FNF:2
FNH:1
FNDA:13,(anonymous_0)
FNDA:0,(anonymous_1)
DA:6,1
DA:7,13
DA:9,13
DA:31,0
LF:4
LH:3
BRF:0
BRH:0
end_of_record
TN:
SF:src/pages/profile/ProfilePage.tsx
FN:21,(anonymous_0)
FN:33,(anonymous_1)
FN:34,(anonymous_2)
FN:40,(anonymous_3)
FN:52,(anonymous_4)
FN:113,(anonymous_5)
FN:124,(anonymous_6)
FN:134,(anonymous_7)
FN:144,(anonymous_8)
FNF:9
FNH:1
FNDA:21,(anonymous_0)
FNDA:0,(anonymous_1)
FNDA:0,(anonymous_2)
FNDA:0,(anonymous_3)
FNDA:0,(anonymous_4)
FNDA:0,(anonymous_5)
FNDA:0,(anonymous_6)
FNDA:0,(anonymous_7)
FNDA:0,(anonymous_8)
DA:21,1
DA:22,21
DA:23,21
DA:29,20
DA:30,20
DA:31,20
DA:33,20
DA:34,0
DA:40,20
DA:41,0
DA:43,0
DA:44,0
DA:45,0
DA:46,0
DA:52,0
DA:54,0
DA:56,0
DA:57,0
DA:59,0
DA:63,20
DA:113,0
DA:124,0
DA:134,0
DA:144,0
LF:24
LH:9
BRDA:24,0,0,21
BRDA:24,0,1,0
BRDA:25,1,0,21
BRDA:25,1,1,0
BRDA:69,2,0,0
BRDA:69,2,1,0
BRDA:75,3,0,0
BRDA:75,3,1,0
BRDA:85,4,0,0
BRDA:85,4,1,0
BRDA:152,5,0,0
BRDA:152,5,1,0
BRF:12
BRH:2
end_of_record
