TN:
SF:src\theme.ts
FN:5,(anonymous_0)
FNF:1
FNH:1
FNDA:4,(anonymous_0)
DA:5,1
DA:6,4
DA:146,4
DA:148,4
LF:4
LH:4
BRDA:10,0,0,4
BRDA:10,0,1,0
BRDA:11,1,0,4
BRDA:11,1,1,0
BRDA:12,2,0,4
BRDA:12,2,1,0
BRDA:16,3,0,4
BRDA:16,3,1,0
BRDA:17,4,0,4
BRDA:17,4,1,0
BRDA:18,5,0,4
BRDA:18,5,1,0
BRDA:22,6,0,4
BRDA:22,6,1,0
BRDA:23,7,0,4
BRDA:23,7,1,0
BRDA:26,8,0,4
BRDA:26,8,1,0
BRDA:27,9,0,4
BRDA:27,9,1,0
BRDA:97,10,0,4
BRDA:97,10,1,0
BRDA:107,11,0,4
BRDA:107,11,1,0
BRDA:116,12,0,4
BRDA:116,12,1,0
BRDA:117,13,0,4
BRDA:117,13,1,0
BRDA:127,14,0,4
BRDA:127,14,1,0
BRDA:129,15,0,4
BRDA:129,15,1,0
BRF:32
BRH:16
end_of_record
TN:
SF:src\components\admin\ViewUser.tsx
FN:39,(anonymous_0)
FN:50,(anonymous_1)
FN:51,(anonymous_2)
FN:90,(anonymous_3)
FN:108,(anonymous_4)
FN:128,(anonymous_5)
FN:133,(anonymous_6)
FN:144,(anonymous_7)
FN:183,(anonymous_8)
FN:238,(anonymous_9)
FN:248,(anonymous_10)
FN:259,(anonymous_11)
FN:271,(anonymous_12)
FN:275,(anonymous_13)
FNF:14
FNH:0
FNDA:0,(anonymous_0)
FNDA:0,(anonymous_1)
FNDA:0,(anonymous_2)
FNDA:0,(anonymous_3)
FNDA:0,(anonymous_4)
FNDA:0,(anonymous_5)
FNDA:0,(anonymous_6)
FNDA:0,(anonymous_7)
FNDA:0,(anonymous_8)
FNDA:0,(anonymous_9)
FNDA:0,(anonymous_10)
FNDA:0,(anonymous_11)
FNDA:0,(anonymous_12)
FNDA:0,(anonymous_13)
DA:39,1
DA:40,0
DA:41,0
DA:42,0
DA:43,0
DA:44,0
DA:45,0
DA:46,0
DA:47,0
DA:48,0
DA:50,0
DA:51,0
DA:52,0
DA:53,0
DA:54,0
DA:58,0
DA:86,0
DA:87,0
DA:90,0
DA:91,0
DA:92,0
DA:94,0
DA:98,0
DA:99,0
DA:101,0
DA:105,0
DA:108,0
DA:109,0
DA:110,0
DA:115,0
DA:116,0
DA:118,0
DA:119,0
DA:121,0
DA:122,0
DA:124,0
DA:128,0
DA:129,0
DA:130,0
DA:133,0
DA:134,0
DA:136,0
DA:138,0
DA:140,0
DA:144,0
DA:145,0
DA:147,0
DA:149,0
DA:151,0
DA:155,0
DA:156,0
DA:163,0
DA:164,0
DA:171,0
DA:172,0
DA:179,0
DA:183,0
DA:238,0
DA:248,0
DA:259,0
DA:271,0
DA:276,0
LF:62
LH:1
BRDA:86,0,0,0
BRDA:86,0,1,0
BRDA:91,1,0,0
BRDA:91,1,1,0
BRDA:115,2,0,0
BRDA:115,2,1,0
BRDA:134,3,0,0
BRDA:134,3,1,0
BRDA:134,3,2,0
BRDA:145,4,0,0
BRDA:145,4,1,0
BRDA:145,4,2,0
BRDA:155,5,0,0
BRDA:155,5,1,0
BRDA:163,6,0,0
BRDA:163,6,1,0
BRDA:171,7,0,0
BRDA:171,7,1,0
BRDA:233,8,0,0
BRDA:233,8,1,0
BRDA:261,9,0,0
BRDA:261,9,1,0
BRDA:265,10,0,0
BRDA:265,10,1,0
BRDA:276,11,0,0
BRDA:276,11,1,0
BRDA:279,12,0,0
BRDA:279,12,1,0
BRDA:282,13,0,0
BRDA:282,13,1,0
BRDA:285,14,0,0
BRDA:285,14,1,0
BRDA:286,15,0,0
BRDA:286,15,1,0
BRF:34
BRH:0
end_of_record
TN:
SF:src\contexts\ThemeContext.tsx
FN:15,(anonymous_0)
FN:17,(anonymous_1)
FN:23,(anonymous_2)
FN:28,(anonymous_3)
FN:29,(anonymous_4)
FN:42,(anonymous_5)
FNF:6
FNH:2
FNDA:4,(anonymous_0)
FNDA:4,(anonymous_1)
FNDA:0,(anonymous_2)
FNDA:0,(anonymous_3)
FNDA:0,(anonymous_4)
FNDA:0,(anonymous_5)
DA:13,1
DA:15,1
DA:17,4
DA:18,4
DA:19,4
DA:23,4
DA:24,0
DA:28,4
DA:29,0
DA:33,4
DA:35,4
DA:42,1
DA:43,0
DA:44,0
DA:45,0
DA:47,0
LF:16
LH:10
BRDA:19,0,0,4
BRDA:19,0,1,4
BRDA:29,1,0,0
BRDA:29,1,1,0
BRDA:44,2,0,0
BRDA:44,2,1,0
BRF:6
BRH:2
end_of_record
TN:
SF:src\layouts\AuthLayout.tsx
FN:8,(anonymous_0)
FNF:1
FNH:0
FNDA:0,(anonymous_0)
DA:8,1
DA:9,0
DA:10,0
DA:12,0
LF:4
LH:1
BRDA:29,0,0,0
BRDA:29,0,1,0
BRF:2
BRH:0
end_of_record
